04-Jun-2020 22:54:41.141 INFO [main] org.apache.catalina.startup.VersionLoggerListener.log Server version:        Apache Tomcat/8.5.0
04-Jun-2020 22:54:41.157 INFO [main] org.apache.catalina.startup.VersionLoggerListener.log Server built:          Mar 17 2016 14:47:27 UTC
04-Jun-2020 22:54:41.157 INFO [main] org.apache.catalina.startup.VersionLoggerListener.log Server number:         8.5.0.0
04-Jun-2020 22:54:41.157 INFO [main] org.apache.catalina.startup.VersionLoggerListener.log OS Name:               Windows 8.1
04-Jun-2020 22:54:41.157 INFO [main] org.apache.catalina.startup.VersionLoggerListener.log OS Version:            6.3
04-Jun-2020 22:54:41.157 INFO [main] org.apache.catalina.startup.VersionLoggerListener.log Architecture:          x86
04-Jun-2020 22:54:41.157 INFO [main] org.apache.catalina.startup.VersionLoggerListener.log Java Home:             C:\Program Files (x86)\Java\jre1.8.0_251
04-Jun-2020 22:54:41.157 INFO [main] org.apache.catalina.startup.VersionLoggerListener.log JVM Version:           1.8.0_251-b08
04-Jun-2020 22:54:41.157 INFO [main] org.apache.catalina.startup.VersionLoggerListener.log JVM Vendor:            Oracle Corporation
04-Jun-2020 22:54:41.157 INFO [main] org.apache.catalina.startup.VersionLoggerListener.log CATALINA_BASE:         E:\hackathon\software\apache-tomcat-8.5.0-windows-x86\apache-tomcat-8.5.0
04-Jun-2020 22:54:41.157 INFO [main] org.apache.catalina.startup.VersionLoggerListener.log CATALINA_HOME:         E:\hackathon\software\apache-tomcat-8.5.0-windows-x86\apache-tomcat-8.5.0
04-Jun-2020 22:54:41.157 INFO [main] org.apache.catalina.startup.VersionLoggerListener.log Command line argument: -Djava.util.logging.config.file=E:\hackathon\software\apache-tomcat-8.5.0-windows-x86\apache-tomcat-8.5.0\conf\logging.properties
04-Jun-2020 22:54:41.157 INFO [main] org.apache.catalina.startup.VersionLoggerListener.log Command line argument: -Djava.util.logging.manager=org.apache.juli.ClassLoaderLogManager
04-Jun-2020 22:54:41.157 INFO [main] org.apache.catalina.startup.VersionLoggerListener.log Command line argument: -Dcatalina.base=E:\hackathon\software\apache-tomcat-8.5.0-windows-x86\apache-tomcat-8.5.0
04-Jun-2020 22:54:41.157 INFO [main] org.apache.catalina.startup.VersionLoggerListener.log Command line argument: -Dcatalina.home=E:\hackathon\software\apache-tomcat-8.5.0-windows-x86\apache-tomcat-8.5.0
04-Jun-2020 22:54:41.157 INFO [main] org.apache.catalina.startup.VersionLoggerListener.log Command line argument: -Djava.io.tmpdir=E:\hackathon\software\apache-tomcat-8.5.0-windows-x86\apache-tomcat-8.5.0\temp
04-Jun-2020 22:54:41.157 INFO [main] org.apache.catalina.core.AprLifecycleListener.lifecycleEvent Loaded APR based Apache Tomcat Native library 1.2.5 using APR version 1.5.1.
04-Jun-2020 22:54:41.157 INFO [main] org.apache.catalina.core.AprLifecycleListener.lifecycleEvent APR capabilities: IPv6 [true], sendfile [true], accept filters [false], random [true].
04-Jun-2020 22:54:42.000 INFO [main] org.apache.catalina.core.AprLifecycleListener.initializeSSL OpenSSL successfully initialized (OpenSSL 1.0.2g  1 Mar 2016)
04-Jun-2020 22:54:44.672 INFO [main] org.apache.coyote.AbstractProtocol.init Initializing ProtocolHandler ["http-nio-8080"]
04-Jun-2020 22:54:45.985 INFO [main] org.apache.tomcat.util.net.NioSelectorPool.getSharedSelector Using a shared selector for servlet write/read
04-Jun-2020 22:54:45.985 INFO [main] org.apache.coyote.AbstractProtocol.init Initializing ProtocolHandler ["ajp-nio-8009"]
04-Jun-2020 22:54:45.985 INFO [main] org.apache.tomcat.util.net.NioSelectorPool.getSharedSelector Using a shared selector for servlet write/read
04-Jun-2020 22:54:45.985 INFO [main] org.apache.catalina.startup.Catalina.load Initialization processed in 9652 ms
04-Jun-2020 22:54:46.172 INFO [main] org.apache.catalina.core.StandardService.startInternal Starting service Catalina
04-Jun-2020 22:54:46.188 INFO [main] org.apache.catalina.core.StandardEngine.startInternal Starting Servlet Engine: Apache Tomcat/8.5.0
04-Jun-2020 22:54:46.360 INFO [localhost-startStop-1] org.apache.catalina.startup.HostConfig.deployWAR Deploying web application archive E:\hackathon\software\apache-tomcat-8.5.0-windows-x86\apache-tomcat-8.5.0\webapps\cropsellingprocessrs.war
04-Jun-2020 22:54:57.832 INFO [localhost-startStop-1] org.apache.jasper.servlet.TldScanner.scanJars At least one JAR was scanned for TLDs yet contained no TLDs. Enable debug logging for this logger for a complete list of JARs that were scanned but no TLDs were found in them. Skipping unneeded JARs during scanning can improve startup time and JSP compilation time.
04-Jun-2020 22:54:58.270 SEVERE [localhost-startStop-1] com.gen.listener.ApplicationContextListener.initApplication error in initApplicationjava.io.FileNotFoundException: {catalina.home}\props\application.properties (The system cannot find the path specified)
04-Jun-2020 22:54:58.270 SEVERE [localhost-startStop-1] com.gen.listener.ApplicationContextListener.contextInitialized error in contextInitializedjava.io.FileNotFoundException: {catalina.home}\props\application.properties (The system cannot find the path specified)
04-Jun-2020 22:54:58.270 INFO [localhost-startStop-1] org.springframework.web.context.ContextLoader.initWebApplicationContext Root WebApplicationContext: initialization started
04-Jun-2020 22:54:58.457 INFO [localhost-startStop-1] org.springframework.web.context.support.XmlWebApplicationContext.prepareRefresh Refreshing Root WebApplicationContext: startup date [Thu Jun 04 22:54:58 IST 2020]; root of context hierarchy
04-Jun-2020 22:54:58.614 INFO [localhost-startStop-1] org.springframework.beans.factory.xml.XmlBeanDefinitionReader.loadBeanDefinitions Loading XML bean definitions from class path resource [cxf-bean.xml]
04-Jun-2020 22:54:59.567 INFO [localhost-startStop-1] org.springframework.beans.factory.xml.XmlBeanDefinitionReader.loadBeanDefinitions Loading XML bean definitions from class path resource [META-INF/cxf/cxf.xml]
04-Jun-2020 22:54:59.598 INFO [localhost-startStop-1] org.springframework.beans.factory.xml.XmlBeanDefinitionReader.loadBeanDefinitions Loading XML bean definitions from class path resource [META-INF/cxf/cxf-servlet.xml]
04-Jun-2020 22:55:00.754 INFO [localhost-startStop-1] org.apache.cxf.endpoint.ServerImpl.initDestination Setting the server's publish address to be /crops
04-Jun-2020 22:55:01.223 INFO [localhost-startStop-1] org.springframework.web.context.ContextLoader.initWebApplicationContext Root WebApplicationContext: initialization completed in 2953 ms
04-Jun-2020 22:55:01.223 SEVERE [localhost-startStop-1] org.apache.catalina.core.StandardContext.startInternal One or more listeners failed to start. Full details will be found in the appropriate container log file
04-Jun-2020 22:55:01.223 SEVERE [localhost-startStop-1] org.apache.catalina.core.StandardContext.startInternal Context [/cropsellingprocessrs] startup failed due to previous errors
04-Jun-2020 22:55:01.254 INFO [localhost-startStop-1] org.springframework.web.context.support.XmlWebApplicationContext.doClose Closing Root WebApplicationContext: startup date [Thu Jun 04 22:54:58 IST 2020]; root of context hierarchy
04-Jun-2020 22:55:01.473 INFO [localhost-startStop-1] org.apache.catalina.startup.HostConfig.deployWAR Deployment of web application archive E:\hackathon\software\apache-tomcat-8.5.0-windows-x86\apache-tomcat-8.5.0\webapps\cropsellingprocessrs.war has finished in 15,113 ms
04-Jun-2020 22:55:01.489 INFO [main] org.apache.coyote.AbstractProtocol.start Starting ProtocolHandler [http-nio-8080]
04-Jun-2020 22:55:01.489 INFO [main] org.apache.coyote.AbstractProtocol.start Starting ProtocolHandler [ajp-nio-8009]
04-Jun-2020 22:55:01.489 INFO [main] org.apache.catalina.startup.Catalina.start Server startup in 15504 ms
04-Jun-2020 22:56:48.872 INFO [Thread-5] org.apache.coyote.AbstractProtocol.pause Pausing ProtocolHandler ["http-nio-8080"]
04-Jun-2020 22:56:48.953 INFO [Thread-5] org.apache.coyote.AbstractProtocol.pause Pausing ProtocolHandler ["ajp-nio-8009"]
04-Jun-2020 22:56:49.004 INFO [Thread-5] org.apache.catalina.core.StandardService.stopInternal Stopping service Catalina
04-Jun-2020 22:56:49.007 INFO [Thread-5] org.apache.coyote.AbstractProtocol.stop Stopping ProtocolHandler ["http-nio-8080"]
04-Jun-2020 22:56:49.012 INFO [Thread-5] org.apache.coyote.AbstractProtocol.stop Stopping ProtocolHandler ["ajp-nio-8009"]
04-Jun-2020 22:56:49.014 INFO [Thread-5] org.apache.coyote.AbstractProtocol.destroy Destroying ProtocolHandler ["http-nio-8080"]
04-Jun-2020 22:56:49.017 INFO [Thread-5] org.apache.coyote.AbstractProtocol.destroy Destroying ProtocolHandler ["ajp-nio-8009"]
04-Jun-2020 22:56:52.571 INFO [main] org.apache.catalina.startup.VersionLoggerListener.log Server version:        Apache Tomcat/8.5.0
04-Jun-2020 22:56:52.573 INFO [main] org.apache.catalina.startup.VersionLoggerListener.log Server built:          Mar 17 2016 14:47:27 UTC
04-Jun-2020 22:56:52.573 INFO [main] org.apache.catalina.startup.VersionLoggerListener.log Server number:         8.5.0.0
04-Jun-2020 22:56:52.573 INFO [main] org.apache.catalina.startup.VersionLoggerListener.log OS Name:               Windows 8.1
04-Jun-2020 22:56:52.573 INFO [main] org.apache.catalina.startup.VersionLoggerListener.log OS Version:            6.3
04-Jun-2020 22:56:52.574 INFO [main] org.apache.catalina.startup.VersionLoggerListener.log Architecture:          x86
04-Jun-2020 22:56:52.575 INFO [main] org.apache.catalina.startup.VersionLoggerListener.log Java Home:             C:\Program Files (x86)\Java\jre1.8.0_251
04-Jun-2020 22:56:52.576 INFO [main] org.apache.catalina.startup.VersionLoggerListener.log JVM Version:           1.8.0_251-b08
04-Jun-2020 22:56:52.577 INFO [main] org.apache.catalina.startup.VersionLoggerListener.log JVM Vendor:            Oracle Corporation
04-Jun-2020 22:56:52.577 INFO [main] org.apache.catalina.startup.VersionLoggerListener.log CATALINA_BASE:         E:\hackathon\software\apache-tomcat-8.5.0-windows-x86\apache-tomcat-8.5.0
04-Jun-2020 22:56:52.577 INFO [main] org.apache.catalina.startup.VersionLoggerListener.log CATALINA_HOME:         E:\hackathon\software\apache-tomcat-8.5.0-windows-x86\apache-tomcat-8.5.0
04-Jun-2020 22:56:52.578 INFO [main] org.apache.catalina.startup.VersionLoggerListener.log Command line argument: -Djava.util.logging.config.file=E:\hackathon\software\apache-tomcat-8.5.0-windows-x86\apache-tomcat-8.5.0\conf\logging.properties
04-Jun-2020 22:56:52.579 INFO [main] org.apache.catalina.startup.VersionLoggerListener.log Command line argument: -Djava.util.logging.manager=org.apache.juli.ClassLoaderLogManager
04-Jun-2020 22:56:52.579 INFO [main] org.apache.catalina.startup.VersionLoggerListener.log Command line argument: -Dcatalina.base=E:\hackathon\software\apache-tomcat-8.5.0-windows-x86\apache-tomcat-8.5.0
04-Jun-2020 22:56:52.580 INFO [main] org.apache.catalina.startup.VersionLoggerListener.log Command line argument: -Dcatalina.home=E:\hackathon\software\apache-tomcat-8.5.0-windows-x86\apache-tomcat-8.5.0
04-Jun-2020 22:56:52.581 INFO [main] org.apache.catalina.startup.VersionLoggerListener.log Command line argument: -Djava.io.tmpdir=E:\hackathon\software\apache-tomcat-8.5.0-windows-x86\apache-tomcat-8.5.0\temp
04-Jun-2020 22:56:52.581 INFO [main] org.apache.catalina.core.AprLifecycleListener.lifecycleEvent Loaded APR based Apache Tomcat Native library 1.2.5 using APR version 1.5.1.
04-Jun-2020 22:56:52.582 INFO [main] org.apache.catalina.core.AprLifecycleListener.lifecycleEvent APR capabilities: IPv6 [true], sendfile [true], accept filters [false], random [true].
04-Jun-2020 22:56:53.341 INFO [main] org.apache.catalina.core.AprLifecycleListener.initializeSSL OpenSSL successfully initialized (OpenSSL 1.0.2g  1 Mar 2016)
04-Jun-2020 22:56:53.467 INFO [main] org.apache.coyote.AbstractProtocol.init Initializing ProtocolHandler ["http-nio-8080"]
04-Jun-2020 22:56:53.604 INFO [main] org.apache.tomcat.util.net.NioSelectorPool.getSharedSelector Using a shared selector for servlet write/read
04-Jun-2020 22:56:53.608 INFO [main] org.apache.coyote.AbstractProtocol.init Initializing ProtocolHandler ["ajp-nio-8009"]
04-Jun-2020 22:56:53.610 INFO [main] org.apache.tomcat.util.net.NioSelectorPool.getSharedSelector Using a shared selector for servlet write/read
04-Jun-2020 22:56:53.611 INFO [main] org.apache.catalina.startup.Catalina.load Initialization processed in 1389 ms
04-Jun-2020 22:56:53.636 INFO [main] org.apache.catalina.core.StandardService.startInternal Starting service Catalina
04-Jun-2020 22:56:53.636 INFO [main] org.apache.catalina.core.StandardEngine.startInternal Starting Servlet Engine: Apache Tomcat/8.5.0
04-Jun-2020 22:56:53.670 INFO [localhost-startStop-1] org.apache.catalina.startup.HostConfig.deployWAR Deploying web application archive E:\hackathon\software\apache-tomcat-8.5.0-windows-x86\apache-tomcat-8.5.0\webapps\cropsellingprocessrs.war
04-Jun-2020 22:56:56.396 INFO [localhost-startStop-1] org.apache.jasper.servlet.TldScanner.scanJars At least one JAR was scanned for TLDs yet contained no TLDs. Enable debug logging for this logger for a complete list of JARs that were scanned but no TLDs were found in them. Skipping unneeded JARs during scanning can improve startup time and JSP compilation time.
04-Jun-2020 22:56:56.464 SEVERE [localhost-startStop-1] com.gen.listener.ApplicationContextListener.initApplication error in initApplicationjava.io.FileNotFoundException: {catalina.home}\props\application.properties (The system cannot find the path specified)
04-Jun-2020 22:56:56.464 SEVERE [localhost-startStop-1] com.gen.listener.ApplicationContextListener.contextInitialized error in contextInitializedjava.io.FileNotFoundException: {catalina.home}\props\application.properties (The system cannot find the path specified)
04-Jun-2020 22:56:56.466 INFO [localhost-startStop-1] org.springframework.web.context.ContextLoader.initWebApplicationContext Root WebApplicationContext: initialization started
04-Jun-2020 22:56:56.570 INFO [localhost-startStop-1] org.springframework.web.context.support.XmlWebApplicationContext.prepareRefresh Refreshing Root WebApplicationContext: startup date [Thu Jun 04 22:56:56 IST 2020]; root of context hierarchy
04-Jun-2020 22:56:56.672 INFO [localhost-startStop-1] org.springframework.beans.factory.xml.XmlBeanDefinitionReader.loadBeanDefinitions Loading XML bean definitions from class path resource [cxf-bean.xml]
04-Jun-2020 22:56:56.771 INFO [localhost-startStop-1] org.springframework.beans.factory.xml.XmlBeanDefinitionReader.loadBeanDefinitions Loading XML bean definitions from class path resource [META-INF/cxf/cxf.xml]
04-Jun-2020 22:56:56.802 INFO [localhost-startStop-1] org.springframework.beans.factory.xml.XmlBeanDefinitionReader.loadBeanDefinitions Loading XML bean definitions from class path resource [META-INF/cxf/cxf-servlet.xml]
04-Jun-2020 22:56:57.616 INFO [localhost-startStop-1] org.apache.cxf.endpoint.ServerImpl.initDestination Setting the server's publish address to be /crops
04-Jun-2020 22:56:58.056 INFO [localhost-startStop-1] org.springframework.web.context.ContextLoader.initWebApplicationContext Root WebApplicationContext: initialization completed in 1590 ms
04-Jun-2020 22:56:58.057 SEVERE [localhost-startStop-1] org.apache.catalina.core.StandardContext.startInternal One or more listeners failed to start. Full details will be found in the appropriate container log file
04-Jun-2020 22:56:58.058 SEVERE [localhost-startStop-1] org.apache.catalina.core.StandardContext.startInternal Context [/cropsellingprocessrs] startup failed due to previous errors
04-Jun-2020 22:56:58.060 INFO [localhost-startStop-1] org.springframework.web.context.support.XmlWebApplicationContext.doClose Closing Root WebApplicationContext: startup date [Thu Jun 04 22:56:56 IST 2020]; root of context hierarchy
04-Jun-2020 22:56:58.077 INFO [localhost-startStop-1] org.apache.catalina.startup.HostConfig.deployWAR Deployment of web application archive E:\hackathon\software\apache-tomcat-8.5.0-windows-x86\apache-tomcat-8.5.0\webapps\cropsellingprocessrs.war has finished in 4,407 ms
04-Jun-2020 22:56:58.079 INFO [main] org.apache.coyote.AbstractProtocol.start Starting ProtocolHandler [http-nio-8080]
04-Jun-2020 22:56:58.086 INFO [main] org.apache.coyote.AbstractProtocol.start Starting ProtocolHandler [ajp-nio-8009]
04-Jun-2020 22:56:58.093 INFO [main] org.apache.catalina.startup.Catalina.start Server startup in 4482 ms
04-Jun-2020 22:58:50.017 INFO [Thread-5] org.apache.coyote.AbstractProtocol.pause Pausing ProtocolHandler ["http-nio-8080"]
04-Jun-2020 22:58:50.073 INFO [Thread-5] org.apache.coyote.AbstractProtocol.pause Pausing ProtocolHandler ["ajp-nio-8009"]
04-Jun-2020 22:58:50.124 INFO [Thread-5] org.apache.catalina.core.StandardService.stopInternal Stopping service Catalina
04-Jun-2020 22:58:50.127 INFO [Thread-5] org.apache.coyote.AbstractProtocol.stop Stopping ProtocolHandler ["http-nio-8080"]
04-Jun-2020 22:58:50.129 INFO [Thread-5] org.apache.coyote.AbstractProtocol.stop Stopping ProtocolHandler ["ajp-nio-8009"]
04-Jun-2020 22:58:50.132 INFO [Thread-5] org.apache.coyote.AbstractProtocol.destroy Destroying ProtocolHandler ["http-nio-8080"]
04-Jun-2020 22:58:50.134 INFO [Thread-5] org.apache.coyote.AbstractProtocol.destroy Destroying ProtocolHandler ["ajp-nio-8009"]
04-Jun-2020 23:06:52.759 INFO [main] org.apache.catalina.startup.VersionLoggerListener.log Server version:        Apache Tomcat/8.5.0
04-Jun-2020 23:06:52.761 INFO [main] org.apache.catalina.startup.VersionLoggerListener.log Server built:          Mar 17 2016 14:47:27 UTC
04-Jun-2020 23:06:52.761 INFO [main] org.apache.catalina.startup.VersionLoggerListener.log Server number:         8.5.0.0
04-Jun-2020 23:06:52.761 INFO [main] org.apache.catalina.startup.VersionLoggerListener.log OS Name:               Windows 8.1
04-Jun-2020 23:06:52.761 INFO [main] org.apache.catalina.startup.VersionLoggerListener.log OS Version:            6.3
04-Jun-2020 23:06:52.762 INFO [main] org.apache.catalina.startup.VersionLoggerListener.log Architecture:          x86
04-Jun-2020 23:06:52.762 INFO [main] org.apache.catalina.startup.VersionLoggerListener.log Java Home:             C:\Program Files (x86)\Java\jre1.8.0_251
04-Jun-2020 23:06:52.762 INFO [main] org.apache.catalina.startup.VersionLoggerListener.log JVM Version:           1.8.0_251-b08
04-Jun-2020 23:06:52.762 INFO [main] org.apache.catalina.startup.VersionLoggerListener.log JVM Vendor:            Oracle Corporation
04-Jun-2020 23:06:52.762 INFO [main] org.apache.catalina.startup.VersionLoggerListener.log CATALINA_BASE:         E:\hackathon\software\apache-tomcat-8.5.0-windows-x86\apache-tomcat-8.5.0
04-Jun-2020 23:06:52.763 INFO [main] org.apache.catalina.startup.VersionLoggerListener.log CATALINA_HOME:         E:\hackathon\software\apache-tomcat-8.5.0-windows-x86\apache-tomcat-8.5.0
04-Jun-2020 23:06:52.763 INFO [main] org.apache.catalina.startup.VersionLoggerListener.log Command line argument: -Djava.util.logging.config.file=E:\hackathon\software\apache-tomcat-8.5.0-windows-x86\apache-tomcat-8.5.0\conf\logging.properties
04-Jun-2020 23:06:52.764 INFO [main] org.apache.catalina.startup.VersionLoggerListener.log Command line argument: -Djava.util.logging.manager=org.apache.juli.ClassLoaderLogManager
04-Jun-2020 23:06:52.764 INFO [main] org.apache.catalina.startup.VersionLoggerListener.log Command line argument: -Dcatalina.base=E:\hackathon\software\apache-tomcat-8.5.0-windows-x86\apache-tomcat-8.5.0
04-Jun-2020 23:06:52.765 INFO [main] org.apache.catalina.startup.VersionLoggerListener.log Command line argument: -Dcatalina.home=E:\hackathon\software\apache-tomcat-8.5.0-windows-x86\apache-tomcat-8.5.0
04-Jun-2020 23:06:52.765 INFO [main] org.apache.catalina.startup.VersionLoggerListener.log Command line argument: -Djava.io.tmpdir=E:\hackathon\software\apache-tomcat-8.5.0-windows-x86\apache-tomcat-8.5.0\temp
04-Jun-2020 23:06:52.766 INFO [main] org.apache.catalina.core.AprLifecycleListener.lifecycleEvent Loaded APR based Apache Tomcat Native library 1.2.5 using APR version 1.5.1.
04-Jun-2020 23:06:52.766 INFO [main] org.apache.catalina.core.AprLifecycleListener.lifecycleEvent APR capabilities: IPv6 [true], sendfile [true], accept filters [false], random [true].
04-Jun-2020 23:06:53.615 INFO [main] org.apache.catalina.core.AprLifecycleListener.initializeSSL OpenSSL successfully initialized (OpenSSL 1.0.2g  1 Mar 2016)
04-Jun-2020 23:06:53.762 INFO [main] org.apache.coyote.AbstractProtocol.init Initializing ProtocolHandler ["http-nio-8080"]
04-Jun-2020 23:06:53.917 INFO [main] org.apache.tomcat.util.net.NioSelectorPool.getSharedSelector Using a shared selector for servlet write/read
04-Jun-2020 23:06:53.920 INFO [main] org.apache.coyote.AbstractProtocol.init Initializing ProtocolHandler ["ajp-nio-8009"]
04-Jun-2020 23:06:53.923 INFO [main] org.apache.tomcat.util.net.NioSelectorPool.getSharedSelector Using a shared selector for servlet write/read
04-Jun-2020 23:06:53.924 INFO [main] org.apache.catalina.startup.Catalina.load Initialization processed in 1617 ms
04-Jun-2020 23:06:53.958 INFO [main] org.apache.catalina.core.StandardService.startInternal Starting service Catalina
04-Jun-2020 23:06:53.958 INFO [main] org.apache.catalina.core.StandardEngine.startInternal Starting Servlet Engine: Apache Tomcat/8.5.0
04-Jun-2020 23:06:54.026 INFO [localhost-startStop-1] org.apache.catalina.startup.HostConfig.deployWAR Deploying web application archive E:\hackathon\software\apache-tomcat-8.5.0-windows-x86\apache-tomcat-8.5.0\webapps\cropsellingprocessrs.war
04-Jun-2020 23:06:57.691 INFO [localhost-startStop-1] org.apache.jasper.servlet.TldScanner.scanJars At least one JAR was scanned for TLDs yet contained no TLDs. Enable debug logging for this logger for a complete list of JARs that were scanned but no TLDs were found in them. Skipping unneeded JARs during scanning can improve startup time and JSP compilation time.
04-Jun-2020 23:06:57.778 SEVERE [localhost-startStop-1] com.gen.listener.ApplicationContextListener.initApplication error in initApplicationjava.io.FileNotFoundException: {catalina.home}\props\application.properties (The system cannot find the path specified)
04-Jun-2020 23:06:57.779 SEVERE [localhost-startStop-1] com.gen.listener.ApplicationContextListener.contextInitialized error in contextInitializedjava.io.FileNotFoundException: {catalina.home}\props\application.properties (The system cannot find the path specified)
04-Jun-2020 23:06:57.781 INFO [localhost-startStop-1] org.springframework.web.context.ContextLoader.initWebApplicationContext Root WebApplicationContext: initialization started
04-Jun-2020 23:06:57.923 INFO [localhost-startStop-1] org.springframework.web.context.support.XmlWebApplicationContext.prepareRefresh Refreshing Root WebApplicationContext: startup date [Thu Jun 04 23:06:57 IST 2020]; root of context hierarchy
04-Jun-2020 23:06:58.042 INFO [localhost-startStop-1] org.springframework.beans.factory.xml.XmlBeanDefinitionReader.loadBeanDefinitions Loading XML bean definitions from class path resource [cxf-bean.xml]
04-Jun-2020 23:06:58.176 INFO [localhost-startStop-1] org.springframework.beans.factory.xml.XmlBeanDefinitionReader.loadBeanDefinitions Loading XML bean definitions from class path resource [META-INF/cxf/cxf.xml]
04-Jun-2020 23:06:58.220 INFO [localhost-startStop-1] org.springframework.beans.factory.xml.XmlBeanDefinitionReader.loadBeanDefinitions Loading XML bean definitions from class path resource [META-INF/cxf/cxf-servlet.xml]
04-Jun-2020 23:06:59.288 INFO [localhost-startStop-1] org.apache.cxf.endpoint.ServerImpl.initDestination Setting the server's publish address to be /crops
04-Jun-2020 23:06:59.837 INFO [localhost-startStop-1] org.springframework.web.context.ContextLoader.initWebApplicationContext Root WebApplicationContext: initialization completed in 2056 ms
04-Jun-2020 23:06:59.838 SEVERE [localhost-startStop-1] org.apache.catalina.core.StandardContext.startInternal One or more listeners failed to start. Full details will be found in the appropriate container log file
04-Jun-2020 23:06:59.840 SEVERE [localhost-startStop-1] org.apache.catalina.core.StandardContext.startInternal Context [/cropsellingprocessrs] startup failed due to previous errors
04-Jun-2020 23:06:59.843 INFO [localhost-startStop-1] org.springframework.web.context.support.XmlWebApplicationContext.doClose Closing Root WebApplicationContext: startup date [Thu Jun 04 23:06:57 IST 2020]; root of context hierarchy
04-Jun-2020 23:06:59.871 INFO [localhost-startStop-1] org.apache.catalina.startup.HostConfig.deployWAR Deployment of web application archive E:\hackathon\software\apache-tomcat-8.5.0-windows-x86\apache-tomcat-8.5.0\webapps\cropsellingprocessrs.war has finished in 5,844 ms
04-Jun-2020 23:06:59.874 INFO [main] org.apache.coyote.AbstractProtocol.start Starting ProtocolHandler [http-nio-8080]
04-Jun-2020 23:06:59.892 INFO [main] org.apache.coyote.AbstractProtocol.start Starting ProtocolHandler [ajp-nio-8009]
04-Jun-2020 23:06:59.896 INFO [main] org.apache.catalina.startup.Catalina.start Server startup in 5971 ms
04-Jun-2020 23:08:15.365 INFO [Thread-5] org.apache.coyote.AbstractProtocol.pause Pausing ProtocolHandler ["http-nio-8080"]
04-Jun-2020 23:08:15.418 INFO [Thread-5] org.apache.coyote.AbstractProtocol.pause Pausing ProtocolHandler ["ajp-nio-8009"]
04-Jun-2020 23:08:15.469 INFO [Thread-5] org.apache.catalina.core.StandardService.stopInternal Stopping service Catalina
04-Jun-2020 23:08:15.471 INFO [Thread-5] org.apache.coyote.AbstractProtocol.stop Stopping ProtocolHandler ["http-nio-8080"]
04-Jun-2020 23:08:15.473 INFO [Thread-5] org.apache.coyote.AbstractProtocol.stop Stopping ProtocolHandler ["ajp-nio-8009"]
04-Jun-2020 23:08:15.474 INFO [Thread-5] org.apache.coyote.AbstractProtocol.destroy Destroying ProtocolHandler ["http-nio-8080"]
04-Jun-2020 23:08:15.475 INFO [Thread-5] org.apache.coyote.AbstractProtocol.destroy Destroying ProtocolHandler ["ajp-nio-8009"]
04-Jun-2020 23:12:29.802 INFO [main] org.apache.catalina.startup.VersionLoggerListener.log Server version:        Apache Tomcat/8.5.0
04-Jun-2020 23:12:29.804 INFO [main] org.apache.catalina.startup.VersionLoggerListener.log Server built:          Mar 17 2016 14:47:27 UTC
04-Jun-2020 23:12:29.804 INFO [main] org.apache.catalina.startup.VersionLoggerListener.log Server number:         8.5.0.0
04-Jun-2020 23:12:29.804 INFO [main] org.apache.catalina.startup.VersionLoggerListener.log OS Name:               Windows 8.1
04-Jun-2020 23:12:29.804 INFO [main] org.apache.catalina.startup.VersionLoggerListener.log OS Version:            6.3
04-Jun-2020 23:12:29.804 INFO [main] org.apache.catalina.startup.VersionLoggerListener.log Architecture:          x86
04-Jun-2020 23:12:29.804 INFO [main] org.apache.catalina.startup.VersionLoggerListener.log Java Home:             C:\Program Files (x86)\Java\jre1.8.0_251
04-Jun-2020 23:12:29.805 INFO [main] org.apache.catalina.startup.VersionLoggerListener.log JVM Version:           1.8.0_251-b08
04-Jun-2020 23:12:29.805 INFO [main] org.apache.catalina.startup.VersionLoggerListener.log JVM Vendor:            Oracle Corporation
04-Jun-2020 23:12:29.805 INFO [main] org.apache.catalina.startup.VersionLoggerListener.log CATALINA_BASE:         E:\hackathon\software\apache-tomcat-8.5.0-windows-x86\apache-tomcat-8.5.0
04-Jun-2020 23:12:29.805 INFO [main] org.apache.catalina.startup.VersionLoggerListener.log CATALINA_HOME:         E:\hackathon\software\apache-tomcat-8.5.0-windows-x86\apache-tomcat-8.5.0
04-Jun-2020 23:12:29.805 INFO [main] org.apache.catalina.startup.VersionLoggerListener.log Command line argument: -Djava.util.logging.config.file=E:\hackathon\software\apache-tomcat-8.5.0-windows-x86\apache-tomcat-8.5.0\conf\logging.properties
04-Jun-2020 23:12:29.806 INFO [main] org.apache.catalina.startup.VersionLoggerListener.log Command line argument: -Djava.util.logging.manager=org.apache.juli.ClassLoaderLogManager
04-Jun-2020 23:12:29.806 INFO [main] org.apache.catalina.startup.VersionLoggerListener.log Command line argument: -Dcatalina.base=E:\hackathon\software\apache-tomcat-8.5.0-windows-x86\apache-tomcat-8.5.0
04-Jun-2020 23:12:29.807 INFO [main] org.apache.catalina.startup.VersionLoggerListener.log Command line argument: -Dcatalina.home=E:\hackathon\software\apache-tomcat-8.5.0-windows-x86\apache-tomcat-8.5.0
04-Jun-2020 23:12:29.807 INFO [main] org.apache.catalina.startup.VersionLoggerListener.log Command line argument: -Djava.io.tmpdir=E:\hackathon\software\apache-tomcat-8.5.0-windows-x86\apache-tomcat-8.5.0\temp
04-Jun-2020 23:12:29.808 INFO [main] org.apache.catalina.core.AprLifecycleListener.lifecycleEvent Loaded APR based Apache Tomcat Native library 1.2.5 using APR version 1.5.1.
04-Jun-2020 23:12:29.808 INFO [main] org.apache.catalina.core.AprLifecycleListener.lifecycleEvent APR capabilities: IPv6 [true], sendfile [true], accept filters [false], random [true].
04-Jun-2020 23:12:30.706 INFO [main] org.apache.catalina.core.AprLifecycleListener.initializeSSL OpenSSL successfully initialized (OpenSSL 1.0.2g  1 Mar 2016)
04-Jun-2020 23:12:30.849 INFO [main] org.apache.coyote.AbstractProtocol.init Initializing ProtocolHandler ["http-nio-8080"]
04-Jun-2020 23:12:31.006 INFO [main] org.apache.tomcat.util.net.NioSelectorPool.getSharedSelector Using a shared selector for servlet write/read
04-Jun-2020 23:12:31.013 INFO [main] org.apache.coyote.AbstractProtocol.init Initializing ProtocolHandler ["ajp-nio-8009"]
04-Jun-2020 23:12:31.018 INFO [main] org.apache.tomcat.util.net.NioSelectorPool.getSharedSelector Using a shared selector for servlet write/read
04-Jun-2020 23:12:31.019 INFO [main] org.apache.catalina.startup.Catalina.load Initialization processed in 1603 ms
04-Jun-2020 23:12:31.054 INFO [main] org.apache.catalina.core.StandardService.startInternal Starting service Catalina
04-Jun-2020 23:12:31.054 INFO [main] org.apache.catalina.core.StandardEngine.startInternal Starting Servlet Engine: Apache Tomcat/8.5.0
04-Jun-2020 23:12:31.092 INFO [localhost-startStop-1] org.apache.catalina.startup.HostConfig.deployWAR Deploying web application archive E:\hackathon\software\apache-tomcat-8.5.0-windows-x86\apache-tomcat-8.5.0\webapps\cropsellingprocessrs.war
04-Jun-2020 23:12:35.048 INFO [localhost-startStop-1] org.apache.jasper.servlet.TldScanner.scanJars At least one JAR was scanned for TLDs yet contained no TLDs. Enable debug logging for this logger for a complete list of JARs that were scanned but no TLDs were found in them. Skipping unneeded JARs during scanning can improve startup time and JSP compilation time.
04-Jun-2020 23:12:35.141 INFO [localhost-startStop-1] com.gen.services.util.Config.init Initializing config...
04-Jun-2020 23:12:35.143 INFO [localhost-startStop-1] com.gen.services.util.ConnectionUtil.initializeDataSource Initializing data source...
04-Jun-2020 23:12:35.143 INFO [localhost-startStop-1] com.gen.services.util.Config.init Config initialization completed!
04-Jun-2020 23:12:35.144 INFO [localhost-startStop-1] org.springframework.web.context.ContextLoader.initWebApplicationContext Root WebApplicationContext: initialization started
04-Jun-2020 23:12:35.285 INFO [localhost-startStop-1] org.springframework.web.context.support.XmlWebApplicationContext.prepareRefresh Refreshing Root WebApplicationContext: startup date [Thu Jun 04 23:12:35 IST 2020]; root of context hierarchy
04-Jun-2020 23:12:35.407 INFO [localhost-startStop-1] org.springframework.beans.factory.xml.XmlBeanDefinitionReader.loadBeanDefinitions Loading XML bean definitions from class path resource [cxf-bean.xml]
04-Jun-2020 23:12:35.536 INFO [localhost-startStop-1] org.springframework.beans.factory.xml.XmlBeanDefinitionReader.loadBeanDefinitions Loading XML bean definitions from class path resource [META-INF/cxf/cxf.xml]
04-Jun-2020 23:12:35.576 INFO [localhost-startStop-1] org.springframework.beans.factory.xml.XmlBeanDefinitionReader.loadBeanDefinitions Loading XML bean definitions from class path resource [META-INF/cxf/cxf-servlet.xml]
04-Jun-2020 23:12:36.646 INFO [localhost-startStop-1] org.apache.cxf.endpoint.ServerImpl.initDestination Setting the server's publish address to be /crops
04-Jun-2020 23:12:37.195 INFO [localhost-startStop-1] org.springframework.web.context.ContextLoader.initWebApplicationContext Root WebApplicationContext: initialization completed in 2051 ms
04-Jun-2020 23:12:37.233 INFO [localhost-startStop-1] org.apache.catalina.startup.HostConfig.deployWAR Deployment of web application archive E:\hackathon\software\apache-tomcat-8.5.0-windows-x86\apache-tomcat-8.5.0\webapps\cropsellingprocessrs.war has finished in 6,140 ms
04-Jun-2020 23:12:37.237 INFO [main] org.apache.coyote.AbstractProtocol.start Starting ProtocolHandler [http-nio-8080]
04-Jun-2020 23:12:37.251 INFO [main] org.apache.coyote.AbstractProtocol.start Starting ProtocolHandler [ajp-nio-8009]
04-Jun-2020 23:12:37.254 INFO [main] org.apache.catalina.startup.Catalina.start Server startup in 6234 ms
04-Jun-2020 23:13:11.441 WARNING [http-nio-8080-exec-3] org.apache.cxf.jaxrs.utils.JAXRSUtils.findTargetMethod No operation matching request path "/cropsellingprocessrs/crops/localAuthorities/cityt" is found, Relative Path: /cityt, HTTP Method: GET, ContentType: */*, Accept: */*,. Please enable FINE/TRACE log level for more details.
04-Jun-2020 23:13:11.476 WARNING [http-nio-8080-exec-3] org.apache.cxf.jaxrs.impl.WebApplicationExceptionMapper.toResponse javax.ws.rs.ClientErrorException: HTTP 404 Not Found
	at org.apache.cxf.jaxrs.utils.SpecExceptions.toHttpException(SpecExceptions.java:117)
	at org.apache.cxf.jaxrs.utils.ExceptionUtils.toHttpException(ExceptionUtils.java:173)
	at org.apache.cxf.jaxrs.utils.JAXRSUtils.findTargetMethod(JAXRSUtils.java:528)
	at org.apache.cxf.jaxrs.interceptor.JAXRSInInterceptor.processRequest(JAXRSInInterceptor.java:177)
	at org.apache.cxf.jaxrs.interceptor.JAXRSInInterceptor.handleMessage(JAXRSInInterceptor.java:77)
	at org.apache.cxf.phase.PhaseInterceptorChain.doIntercept(PhaseInterceptorChain.java:307)
	at org.apache.cxf.transport.ChainInitiationObserver.onMessage(ChainInitiationObserver.java:121)
	at org.apache.cxf.transport.http.AbstractHTTPDestination.invoke(AbstractHTTPDestination.java:254)
	at org.apache.cxf.transport.servlet.ServletController.invokeDestination(ServletController.java:234)
	at org.apache.cxf.transport.servlet.ServletController.invoke(ServletController.java:208)
	at org.apache.cxf.transport.servlet.ServletController.invoke(ServletController.java:160)
	at org.apache.cxf.transport.servlet.CXFNonSpringServlet.invoke(CXFNonSpringServlet.java:180)
	at org.apache.cxf.transport.servlet.AbstractHTTPServlet.handleRequest(AbstractHTTPServlet.java:298)
	at org.apache.cxf.transport.servlet.AbstractHTTPServlet.doGet(AbstractHTTPServlet.java:222)
	at javax.servlet.http.HttpServlet.service(HttpServlet.java:622)
	at org.apache.cxf.transport.servlet.AbstractHTTPServlet.service(AbstractHTTPServlet.java:273)
	at org.apache.catalina.core.ApplicationFilterChain.internalDoFilter(ApplicationFilterChain.java:230)
	at org.apache.catalina.core.ApplicationFilterChain.doFilter(ApplicationFilterChain.java:165)
	at org.apache.tomcat.websocket.server.WsFilter.doFilter(WsFilter.java:52)
	at org.apache.catalina.core.ApplicationFilterChain.internalDoFilter(ApplicationFilterChain.java:192)
	at org.apache.catalina.core.ApplicationFilterChain.doFilter(ApplicationFilterChain.java:165)
	at org.apache.catalina.core.StandardWrapperValve.invoke(StandardWrapperValve.java:198)
	at org.apache.catalina.core.StandardContextValve.invoke(StandardContextValve.java:108)
	at org.apache.catalina.authenticator.AuthenticatorBase.invoke(AuthenticatorBase.java:522)
	at org.apache.catalina.core.StandardHostValve.invoke(StandardHostValve.java:140)
	at org.apache.catalina.valves.ErrorReportValve.invoke(ErrorReportValve.java:79)
	at org.apache.catalina.valves.AbstractAccessLogValve.invoke(AbstractAccessLogValve.java:620)
	at org.apache.catalina.core.StandardEngineValve.invoke(StandardEngineValve.java:87)
	at org.apache.catalina.connector.CoyoteAdapter.service(CoyoteAdapter.java:343)
	at org.apache.coyote.http11.Http11Processor.service(Http11Processor.java:1096)
	at org.apache.coyote.AbstractProcessorLight.process(AbstractProcessorLight.java:66)
	at org.apache.coyote.AbstractProtocol$ConnectionHandler.process(AbstractProtocol.java:760)
	at org.apache.tomcat.util.net.NioEndpoint$SocketProcessor.run(NioEndpoint.java:1480)
	at java.util.concurrent.ThreadPoolExecutor.runWorker(Unknown Source)
	at java.util.concurrent.ThreadPoolExecutor$Worker.run(Unknown Source)
	at org.apache.tomcat.util.threads.TaskThread$WrappingRunnable.run(TaskThread.java:61)
	at java.lang.Thread.run(Unknown Source)

04-Jun-2020 23:17:11.250 INFO [Thread-5] org.apache.coyote.AbstractProtocol.pause Pausing ProtocolHandler ["http-nio-8080"]
04-Jun-2020 23:17:11.303 INFO [Thread-5] org.apache.coyote.AbstractProtocol.pause Pausing ProtocolHandler ["ajp-nio-8009"]
04-Jun-2020 23:17:11.354 INFO [Thread-5] org.apache.catalina.core.StandardService.stopInternal Stopping service Catalina
04-Jun-2020 23:17:11.362 INFO [localhost-startStop-2] org.springframework.web.context.support.XmlWebApplicationContext.doClose Closing Root WebApplicationContext: startup date [Thu Jun 04 23:12:35 IST 2020]; root of context hierarchy
04-Jun-2020 23:17:11.394 INFO [Thread-5] org.apache.coyote.AbstractProtocol.stop Stopping ProtocolHandler ["http-nio-8080"]
04-Jun-2020 23:17:11.396 INFO [Thread-5] org.apache.coyote.AbstractProtocol.stop Stopping ProtocolHandler ["ajp-nio-8009"]
04-Jun-2020 23:17:11.397 INFO [Thread-5] org.apache.coyote.AbstractProtocol.destroy Destroying ProtocolHandler ["http-nio-8080"]
04-Jun-2020 23:17:11.399 INFO [Thread-5] org.apache.coyote.AbstractProtocol.destroy Destroying ProtocolHandler ["ajp-nio-8009"]
